<?xml version="1.0" encoding="UTF-8"?>
<!-- Generated by org.testng.reporters.JUnitReportReporter -->
<testsuite hostname="DESKTOP-II0VAI0" failures="0" tests="3" name="Mytestng.product.tc.TC_Login" time="13.122" errors="0" timestamp="02 Nov 2019 06:07:50 GMT" skipped="0">
  <testcase classname="Mytestng.product.tc.TC_Login" name="t_01_validate_url_working" time="8.596"/>
  <testcase classname="Mytestng.product.tc.TC_Login" name="t_02_validate_Login_page_object" time="4.522"/>
  <testcase classname="Mytestng.product.tc.TC_Login" name="t_03_fund_transfer" time="0.004"/>
</testsuite> <!-- Mytestng.product.tc.TC_Login -->
